<?xml version="1.0" encoding="UTF-8"?>
<!-- Generated by org.testng.reporters.JUnitReportReporter -->
<testsuite hostname="LAPTOP-0ME61RC0" failures="0" tests="1" name="testcases.PendingLeaveRequest_test" time="10.782" errors="0" timestamp="2021-12-21T07:46:22 IST" skipped="0">
  <testcase classname="testcases.PendingLeaveRequest_test" name="verifyPendingLeave" time="10.782"/>
  <system-out/>
</testsuite> <!-- testcases.PendingLeaveRequest_test -->
